Base path: /Applications/Unity/Unity.app/Contents
Pipe name: \\.\pipe\UnityShaderCompiler-1--1525689920
Cmd: getPlatforms
Cmd: preprocess
  insize=1572 outsize=888 ok=1
Cmd: compileSnippet
  api=0 type=0 insize=986 outsize=397 kw= ok=1
Cmd: compileSnippet
  api=0 type=1 insize=986 outsize=228 kw= ok=1
Cmd: preprocess
  insize=1802 outsize=901 ok=1
Cmd: compileSnippet
  api=0 type=0 insize=1203 outsize=441 kw= ok=1
Cmd: compileSnippet
  api=0 type=1 insize=1203 outsize=344 kw= ok=1
Cmd: preprocess
  insize=2022 outsize=603 ok=1
Cmd: compileSnippet
  api=0 type=0 insize=1722 outsize=441 kw= ok=1
Cmd: compileSnippet
  api=0 type=1 insize=1722 outsize=647 kw= ok=1
Cmd: preprocess
  insize=219 outsize=219 ok=1
Cmd: preprocess
  insize=2317 outsize=849 ok=1
Cmd: compileSnippet
  api=0 type=0 insize=1770 outsize=660 kw= ok=1
Cmd: compileSnippet
  api=0 type=1 insize=1770 outsize=471 kw= ok=1
Cmd: preprocess
  insize=1571 outsize=492 ok=1
Cmd: compileSnippet
  api=0 type=0 insize=1381 outsize=441 kw= ok=1
Cmd: compileSnippet
  api=0 type=1 insize=1381 outsize=585 kw= ok=1
Cmd: preprocess
  insize=1524 outsize=504 ok=1
Cmd: compileSnippet
  api=0 type=0 insize=1322 outsize=441 kw= ok=1
Cmd: compileSnippet
  api=0 type=1 insize=1322 outsize=585 kw= ok=1
Cmd: preprocess
  insize=1452 outsize=480 ok=1
Cmd: compileSnippet
  api=0 type=0 insize=1274 outsize=441 kw= ok=1
Cmd: compileSnippet
  api=0 type=1 insize=1274 outsize=328 kw= ok=1
Cmd: preprocess
  insize=1875 outsize=895 ok=1
Cmd: compileSnippet
  api=0 type=0 insize=1282 outsize=441 kw= ok=1
Cmd: compileSnippet
  api=0 type=1 insize=1282 outsize=316 kw= ok=1
Cmd: preprocess
  insize=1581 outsize=586 ok=1
Cmd: compileSnippet
  api=0 type=0 insize=1297 outsize=360 kw= ok=1
Cmd: compileSnippet
  api=0 type=1 insize=1297 outsize=641 kw= ok=1
Cmd: preprocess
  insize=2330 outsize=479 ok=1
Cmd: compileSnippet
  api=0 type=0 insize=2154 outsize=862 kw= ok=1
Cmd: compileSnippet
  api=0 type=1 insize=2154 outsize=623 kw= ok=1
Cmd: preprocess
  insize=1964 outsize=478 ok=1
Cmd: compileSnippet
  api=0 type=0 insize=1788 outsize=660 kw= ok=1
Cmd: compileSnippet
  api=0 type=1 insize=1788 outsize=505 kw= ok=1
Cmd: preprocess
  insize=480 outsize=480 ok=1
Cmd: preprocess
  insize=1828 outsize=603 ok=1
Cmd: compileSnippet
  api=0 type=0 insize=1528 outsize=441 kw= ok=1
Cmd: compileSnippet
  api=0 type=1 insize=1528 outsize=739 kw= ok=1
Cmd: preprocess
  insize=2810 outsize=895 ok=1
Cmd: compileSnippet
  api=0 type=0 insize=2219 outsize=862 kw= ok=1
Cmd: compileSnippet
  api=0 type=1 insize=2219 outsize=568 kw= ok=1
Cmd: preprocess
  insize=2443 outsize=893 ok=1
Cmd: compileSnippet
  api=0 type=0 insize=1852 outsize=660 kw= ok=1
Cmd: compileSnippet
  api=0 type=1 insize=1852 outsize=443 kw= ok=1
Cmd: preprocess
  insize=1835 outsize=877 ok=1
Cmd: compileSnippet
  api=0 type=0 insize=1260 outsize=441 kw= ok=1
Cmd: compileSnippet
  api=0 type=1 insize=1260 outsize=307 kw= ok=1
Cmd: preprocess
  insize=1452 outsize=830 ok=1
Cmd: compileSnippet
  api=0 type=0 insize=924 outsize=360 kw= ok=1
Cmd: compileSnippet
  api=0 type=1 insize=924 outsize=193 kw= ok=1
Cmd: preprocess
  insize=2684 outsize=850 ok=1
Cmd: compileSnippet
  api=0 type=0 insize=2137 outsize=862 kw= ok=1
Cmd: compileSnippet
  api=0 type=1 insize=2137 outsize=596 kw= ok=1
Cmd: preprocess
  insize=1463 outsize=504 ok=1
Cmd: compileSnippet
  api=0 type=0 insize=1260 outsize=441 kw= ok=1
Cmd: compileSnippet
  api=0 type=1 insize=1260 outsize=549 kw= ok=1
Cmd: preprocess
  insize=1920 outsize=893 ok=1
Cmd: compileSnippet
  api=0 type=0 insize=1329 outsize=441 kw= ok=1
Cmd: compileSnippet
  api=0 type=1 insize=1329 outsize=316 kw= ok=1
Cmd: preprocess
  insize=1805 outsize=885 ok=1
Cmd: compileSnippet
  api=0 type=0 insize=1222 outsize=441 kw= ok=1
Cmd: compileSnippet
  api=0 type=1 insize=1222 outsize=365 kw= ok=1
Cmd: preprocess
  insize=1428 outsize=478 ok=1
Cmd: compileSnippet
  api=0 type=0 insize=1252 outsize=441 kw= ok=1
Cmd: compileSnippet
  api=0 type=1 insize=1252 outsize=365 kw= ok=1
Cmd: preprocess
  insize=1871 outsize=896 ok=1
Cmd: compileSnippet
  api=0 type=0 insize=1277 outsize=441 kw= ok=1
Cmd: compileSnippet
  api=0 type=1 insize=1277 outsize=279 kw= ok=1
Cmd: preprocess
  insize=1891 outsize=860 ok=1
Cmd: compileSnippet
  api=0 type=0 insize=1333 outsize=441 kw= ok=1
Cmd: compileSnippet
  api=0 type=1 insize=1333 outsize=328 kw= ok=1
Cmd: preprocess
  insize=1784 outsize=849 ok=1
Cmd: compileSnippet
  api=0 type=0 insize=1237 outsize=441 kw= ok=1
Cmd: compileSnippet
  api=0 type=1 insize=1237 outsize=344 kw= ok=1
Cmd: preprocess
  insize=2474 outsize=494 ok=1
Cmd: compileSnippet
  api=0 type=0 insize=2284 outsize=862 kw= ok=1
Cmd: compileSnippet
  api=0 type=1 insize=2284 outsize=829 kw= ok=1
Cmd: preprocess
  insize=435 outsize=435 ok=1
Cmd: preprocess
  insize=1421 outsize=505 ok=1
Cmd: compileSnippet
  api=0 type=0 insize=1218 outsize=441 kw= ok=1
Cmd: compileSnippet
  api=0 type=1 insize=1218 outsize=365 kw= ok=1
Cmd: preprocess
  insize=1630 outsize=880 ok=1
Cmd: compileSnippet
  api=0 type=0 insize=1052 outsize=360 kw= ok=1
Cmd: compileSnippet
  api=0 type=1 insize=1052 outsize=344 kw= ok=1
Cmd: preprocess
  insize=1464 outsize=884 ok=1
Cmd: compileSnippet
  api=0 type=0 insize=882 outsize=360 kw= ok=1
Cmd: compileSnippet
  api=0 type=1 insize=882 outsize=143 kw= ok=1
Cmd: preprocess
  insize=1232 outsize=483 ok=1
Cmd: compileSnippet
  api=0 type=0 insize=1051 outsize=360 kw= ok=1
Cmd: compileSnippet
  api=0 type=1 insize=1051 outsize=429 kw= ok=1
Cmd: preprocess
  insize=2107 outsize=493 ok=1
Cmd: compileSnippet
  api=0 type=0 insize=1917 outsize=660 kw= ok=1
Cmd: compileSnippet
  api=0 type=1 insize=1917 outsize=709 kw= ok=1
Cmd: preprocess
  insize=1668 outsize=929 ok=1
Cmd: compileSnippet
  api=0 type=0 insize=1041 outsize=397 kw= ok=1
Cmd: compileSnippet
  api=0 type=1 insize=1041 outsize=299 kw= ok=1
Cmd: preprocess
  insize=1242 outsize=493 ok=1
